<?xml version="1.0" encoding="UTF-8"?>
<!-- Generated by org.testng.reporters.JUnitReportReporter -->
<testsuite skipped="0" hostname="DESKTOP-5HQAO89" name="Runner.TestRunner" tests="1" failures="0" timestamp="13 Apr 2018 03:33:19 GMT" time="10.871" errors="0">
  <testcase name="feature" time="10.871" classname="Runner.TestRunner"/>
</testsuite> <!-- Runner.TestRunner -->
